SF:lib\core\utils\connectivity_snack_bar.dart
DA:4,0
DA:5,0
DA:8,0
DA:9,0
DA:10,0
DA:12,0
DA:13,0
DA:14,0
LF:8
LH:0
end_of_record
SF:lib\core\utils\input_email.dart
DA:8,9
DA:13,44
DA:16,5
DA:18,1
DA:19,2
DA:21,2
DA:22,2
DA:30,3
DA:32,3
DA:33,3
DA:35,6
LF:11
LH:11
end_of_record
SF:lib\core\utils\input_name.dart
DA:8,3
DA:15,22
DA:18,1
DA:21,1
DA:22,2
DA:24,2
DA:25,2
DA:28,2
DA:35,1
DA:37,3
DA:39,1
DA:42,1
DA:45,2
DA:46,2
DA:51,2
DA:58,1
DA:59,1
DA:60,5
LF:18
LH:18
end_of_record
SF:lib\core\utils\input_password.dart
DA:8,6
DA:13,22
DA:16,3
DA:18,1
DA:19,2
DA:21,2
DA:22,2
DA:23,2
DA:31,2
DA:33,2
DA:36,2
DA:37,4
DA:38,4
LF:13
LH:13
end_of_record
SF:lib\core\utils\input_phone.dart
DA:8,0
DA:11,22
DA:14,0
DA:17,0
DA:18,0
DA:20,0
DA:21,0
DA:24,0
DA:31,0
DA:33,0
DA:35,0
DA:38,0
DA:43,0
LF:13
LH:1
end_of_record
SF:lib\core\utils\password_generator.dart
DA:3,1
DA:10,1
DA:16,4
DA:19,4
DA:23,2
DA:26,2
DA:27,4
DA:31,4
LF:8
LH:8
end_of_record
SF:lib\app\app.dart
DA:7,11
DA:9,0
DA:11,0
DA:13,0
DA:16,0
LF:5
LH:1
end_of_record
SF:lib\config\router\app_router.dart
DA:11,0
DA:12,0
DA:13,0
DA:16,0
DA:17,0
DA:20,0
DA:23,0
DA:29,0
DA:32,0
DA:35,0
DA:36,0
DA:39,0
DA:45,0
DA:48,0
DA:51,0
DA:52,0
DA:55,0
DA:61,0
DA:64,0
DA:67,0
DA:69,0
DA:72,0
DA:73,0
DA:74,0
DA:75,0
DA:80,0
DA:83,0
DA:89,0
DA:92,0
DA:95,0
DA:96,0
DA:99,0
DA:101,0
DA:102,0
DA:103,0
DA:106,0
DA:107,0
DA:110,0
DA:112,0
DA:113,0
DA:114,0
DA:122,0
DA:125,0
DA:128,0
DA:129,0
DA:132,0
DA:133,0
DA:134,0
DA:135,0
DA:142,0
DA:145,0
DA:151,0
DA:154,0
DA:159,0
DA:161,0
DA:162,0
DA:164,0
DA:165,0
DA:168,0
DA:171,0
DA:172,0
DA:173,0
DA:174,0
DA:175,0
DA:180,0
DA:181,0
DA:182,0
DA:183,0
LF:68
LH:0
end_of_record
SF:lib\config\theme\app_theme.dart
DA:6,0
DA:7,0
DA:10,0
DA:14,0
DA:15,0
DA:16,0
LF:6
LH:0
end_of_record
SF:lib\config\theme\styles.dart
DA:12,0
DA:13,0
DA:14,0
DA:15,0
DA:16,0
DA:17,0
DA:18,0
DA:21,0
DA:23,0
DA:26,0
DA:27,0
DA:28,0
DA:29,0
DA:30,0
DA:31,0
DA:36,0
DA:37,0
DA:41,0
DA:42,0
DA:44,0
DA:45,0
DA:46,0
DA:52,0
DA:53,0
DA:57,0
DA:58,0
DA:60,0
DA:61,0
DA:62,0
DA:71,0
LF:30
LH:0
end_of_record
SF:lib\main.dart
DA:7,0
DA:8,0
DA:9,0
DA:10,0
DA:12,0
DA:14,0
DA:16,0
LF:7
LH:0
end_of_record
SF:lib\config\router\auth_router_notifier.dart
DA:6,0
DA:7,0
DA:8,0
DA:16,0
DA:17,0
DA:18,0
DA:23,0
DA:26,0
DA:27,0
DA:28,0
LF:10
LH:0
end_of_record
SF:lib\core\env\env.dart
DA:5,0
DA:6,0
DA:7,0
DA:11,0
DA:17,0
DA:18,0
DA:20,0
DA:21,0
DA:24,0
DA:25,0
DA:27,0
DA:28,0
LF:12
LH:0
end_of_record
SF:lib\core\services\supabase.service.dart
DA:5,0
DA:6,0
DA:7,0
DA:8,0
DA:9,0
DA:11,0
DA:14,0
LF:7
LH:0
end_of_record
SF:lib\core\usecases\no_params.dart
DA:4,0
DA:5,0
LF:2
LH:0
end_of_record
SF:lib\core\network\network_info_supabase.dart
DA:13,1
DA:15,1
DA:16,2
DA:18,0
DA:20,0
LF:5
LH:3
end_of_record
SF:lib\core\error\exceptions\auth_exceptions.dart
DA:11,0
DA:19,0
LF:2
LH:0
end_of_record
SF:lib\core\error\exceptions\common_exceptions.dart
DA:3,0
DA:8,0
LF:2
LH:0
end_of_record
SF:lib\core\error\exceptions\database_exceptions.dart
DA:5,0
DA:7,0
DA:8,0
LF:3
LH:0
end_of_record
SF:lib\core\error\exceptions\email_already_exists_exception.dart
DA:3,0
DA:5,0
DA:6,0
LF:3
LH:0
end_of_record
SF:lib\core\error\exceptions\email_send_exception.dart
DA:4,0
DA:6,0
DA:7,0
LF:3
LH:0
end_of_record
SF:lib\core\error\exceptions\network_exceptions.dart
DA:3,0
DA:8,0
LF:2
LH:0
end_of_record
SF:lib\core\error\exceptions\server_exceptions.dart
DA:3,1
DA:8,0
DA:13,0
LF:3
LH:1
end_of_record
SF:lib\core\error\failures\authentication_failure.dart
DA:4,1
DA:5,2
DA:7,1
DA:8,1
DA:10,0
LF:5
LH:4
end_of_record
SF:lib\core\error\failures\failure.dart
DA:6,6
LF:1
LH:1
end_of_record
SF:lib\core\error\failures\cache_failure.dart
DA:6,3
DA:8,1
DA:9,2
LF:3
LH:3
end_of_record
SF:lib\core\error\failures\connection_failure.dart
DA:5,0
DA:6,0
DA:8,0
DA:9,0
LF:4
LH:0
end_of_record
SF:lib\core\error\failures\custom_failure.dart
DA:7,0
DA:9,0
DA:10,0
DA:12,0
DA:13,0
LF:5
LH:0
end_of_record
SF:lib\core\error\failures\email_failure.dart
DA:5,0
DA:7,0
DA:8,0
DA:10,0
LF:4
LH:0
end_of_record
SF:lib\core\error\failures\email_send_failure.dart
DA:6,0
DA:8,0
DA:9,0
LF:3
LH:0
end_of_record
SF:lib\core\error\failures\not_found_failure.dart
DA:5,0
DA:7,0
DA:8,0
LF:3
LH:0
end_of_record
SF:lib\core\error\failures\server_failure.dart
DA:4,6
DA:6,1
DA:7,1
DA:9,1
LF:4
LH:4
end_of_record
SF:lib\core\presentation\providers\app_initialized_provider.dart
DA:3,0
LF:1
LH:0
end_of_record
SF:lib\core\presentation\providers\connectivity_provider.dart
DA:4,0
DA:5,0
DA:6,0
DA:7,0
DA:8,0
LF:5
LH:0
end_of_record
SF:lib\core\presentation\providers\key_value_storage_provider.dart
DA:4,0
DA:5,0
LF:2
LH:0
end_of_record
SF:lib\core\presentation\providers\notification_service_provider.dart
DA:5,0
DA:6,0
LF:2
LH:0
end_of_record
SF:lib\core\presentation\screens\home\area_screen.dart
DA:6,11
DA:8,0
DA:10,0
DA:11,0
DA:14,0
DA:17,0
LF:6
LH:1
end_of_record
SF:lib\core\presentation\screens\home\home_screen.dart
DA:13,11
DA:15,0
DA:17,0
DA:18,0
DA:19,0
DA:20,0
DA:21,0
DA:22,0
DA:23,0
DA:29,0
DA:30,0
DA:31,0
DA:32,0
DA:33,0
DA:34,0
DA:37,0
DA:41,0
DA:47,0
DA:48,0
DA:49,0
DA:50,0
DA:52,0
DA:54,0
DA:55,0
DA:56,0
LF:25
LH:1
end_of_record
SF:lib\core\presentation\screens\home\not_connection_screen.dart
DA:10,11
DA:12,0
DA:14,0
DA:15,0
DA:16,0
DA:17,0
DA:18,0
DA:19,0
DA:22,0
DA:26,0
DA:32,0
DA:33,0
DA:34,0
DA:36,0
DA:38,0
DA:40,0
DA:41,0
DA:42,0
LF:18
LH:1
end_of_record
SF:lib\core\presentation\screens\splash\check_auth_status_screen.dart
DA:6,11
DA:8,0
LF:2
LH:1
end_of_record
SF:lib\core\presentation\widgets\custom_sliver_app_bar.dart
DA:12,11
DA:14,0
DA:16,0
DA:17,0
DA:19,0
DA:21,0
DA:30,0
DA:32,0
DA:34,0
DA:35,0
DA:39,0
DA:40,0
DA:68,0
DA:71,0
DA:72,0
DA:73,0
DA:75,0
DA:77,0
DA:84,0
DA:97,11
DA:99,0
DA:101,0
DA:102,0
DA:104,0
DA:105,0
DA:109,0
LF:26
LH:2
end_of_record
SF:lib\core\services\key_value_storage_impl.service.dart
DA:5,0
DA:6,0
DA:9,0
DA:11,0
DA:12,0
DA:13,0
DA:14,0
DA:15,0
DA:16,0
DA:17,0
DA:19,0
DA:23,0
DA:25,0
DA:26,0
DA:29,0
DA:31,0
DA:32,0
DA:33,0
DA:34,0
DA:35,0
DA:36,0
DA:37,0
DA:39,0
LF:23
LH:0
end_of_record
SF:lib\core\services\local_notification.service.dart
DA:10,0
DA:11,0
DA:13,0
DA:14,0
DA:15,0
DA:19,0
DA:20,0
DA:21,0
DA:22,0
DA:23,0
DA:28,0
DA:54,0
DA:55,0
DA:57,0
DA:59,0
DA:68,0
DA:86,0
LF:17
LH:0
end_of_record
SF:lib\core\widgets\button_direction_screens.dart
DA:5,0
DA:11,0
DA:17,0
DA:19,0
DA:20,0
DA:21,0
DA:24,0
DA:25,0
DA:26,0
DA:29,0
DA:30,0
DA:33,0
DA:34,0
LF:13
LH:0
end_of_record
SF:lib\core\widgets\card_dsh.dart
DA:7,0
DA:13,0
DA:20,0
DA:22,0
DA:24,0
DA:25,0
DA:28,0
DA:29,0
DA:30,0
DA:33,0
DA:40,0
DA:41,0
DA:42,0
DA:45,0
DA:46,0
DA:48,0
DA:50,0
DA:55,0
DA:63,0
DA:65,0
DA:66,0
DA:69,0
DA:71,0
DA:74,0
DA:76,0
DA:77,0
DA:78,0
DA:82,0
DA:83,0
DA:90,0
DA:92,0
DA:94,0
LF:32
LH:0
end_of_record
SF:lib\core\widgets\divider_section.dart
DA:5,0
DA:14,0
DA:16,0
DA:20,0
DA:22,0
DA:25,0
DA:26,0
DA:28,0
DA:29,0
DA:30,0
DA:31,0
DA:33,0
DA:34,0
DA:35,0
DA:36,0
DA:39,0
DA:40,0
DA:48,0
LF:18
LH:0
end_of_record
SF:lib\core\widgets\list_tile_user.dart
DA:4,22
DA:12,0
DA:14,0
DA:15,0
DA:16,0
DA:17,0
DA:18,0
DA:19,0
DA:20,0
DA:22,0
DA:24,0
DA:26,0
DA:28,0
LF:13
LH:1
end_of_record
SF:lib\core\widgets\loading_view_notifications.dart
DA:4,44
DA:6,0
LF:2
LH:1
end_of_record
SF:lib\core\widgets\selected_gender.dart
DA:4,0
DA:9,0
DA:14,0
DA:22,0
DA:23,0
DA:26,0
DA:28,0
DA:34,0
DA:45,0
DA:46,0
LF:10
LH:0
end_of_record
SF:lib\core\widgets\title_view.dart
DA:4,55
DA:11,0
DA:13,0
DA:16,0
DA:19,0
DA:20,0
DA:22,0
LF:7
LH:1
end_of_record
SF:lib\features\auth\data\datasources\auth_local_data_source_impl.dart
DA:8,0
DA:10,0
DA:11,0
DA:14,0
DA:16,0
DA:17,0
DA:20,0
DA:22,0
DA:23,0
DA:26,0
DA:28,0
DA:29,0
DA:32,0
DA:34,0
DA:37,0
DA:39,0
DA:40,0
DA:43,0
DA:45,0
DA:46,0
DA:48,0
DA:50,0
DA:54,0
DA:56,0
DA:59,0
DA:61,0
DA:62,0
DA:65,0
DA:67,0
DA:68,0
DA:71,0
DA:73,0
DA:74,0
DA:77,0
DA:79,0
LF:35
LH:0
end_of_record
SF:lib\features\auth\data\datasources\auth_supabase_data_source_impl.dart
DA:10,1
DA:12,0
DA:14,0
DA:15,0
DA:16,0
DA:17,0
DA:18,0
DA:19,0
DA:20,0
DA:23,0
DA:25,0
DA:26,0
DA:30,0
DA:37,0
DA:39,0
DA:40,0
DA:41,0
DA:42,0
DA:43,0
DA:44,0
DA:45,0
DA:46,0
DA:49,0
DA:51,0
DA:52,0
DA:53,0
DA:56,0
DA:57,0
DA:58,0
DA:67,0
DA:68,0
DA:71,0
DA:73,0
DA:79,0
DA:80,0
DA:81,0
DA:85,0
DA:88,0
DA:89,0
DA:90,0
DA:91,0
DA:92,0
DA:93,0
DA:94,0
DA:95,0
DA:97,0
DA:101,0
DA:106,0
DA:118,0
DA:119,0
DA:120,0
DA:122,0
DA:124,0
DA:126,0
DA:127,0
DA:128,0
DA:129,0
DA:137,0
DA:140,0
DA:141,0
DA:142,0
DA:143,0
DA:144,0
DA:145,0
DA:146,0
DA:147,0
DA:148,0
DA:149,0
DA:154,0
DA:155,0
DA:156,0
DA:157,0
DA:158,0
DA:161,0
DA:164,0
DA:165,0
DA:166,0
DA:167,0
DA:170,0
DA:171,0
DA:172,0
DA:180,0
DA:181,0
DA:184,0
DA:186,0
DA:192,0
DA:193,0
DA:194,0
DA:198,0
DA:200,0
DA:201,0
DA:202,0
DA:203,0
DA:204,0
DA:205,0
DA:207,0
DA:208,0
DA:209,0
DA:210,0
DA:211,0
DA:212,0
DA:214,0
LF:102
LH:1
end_of_record
SF:lib\features\auth\data\models\user.module.dart
DA:4,3
DA:21,2
DA:22,2
DA:23,2
DA:24,2
DA:25,2
DA:26,2
DA:27,2
DA:28,2
DA:29,2
DA:30,2
DA:31,2
DA:32,4
DA:33,2
DA:34,4
DA:35,2
DA:36,6
DA:37,2
DA:38,2
DA:39,2
DA:40,2
DA:44,0
DA:45,0
DA:46,0
DA:47,0
DA:48,0
DA:49,0
DA:50,0
DA:51,0
DA:52,0
DA:53,0
DA:54,0
DA:55,0
DA:56,0
DA:57,0
DA:58,0
DA:60,0
DA:61,0
DA:62,0
DA:63,0
DA:64,0
DA:65,0
DA:66,0
DA:68,0
DA:69,0
DA:70,0
DA:71,0
DA:72,0
DA:73,0
DA:75,0
DA:79,1
DA:80,1
DA:81,1
DA:82,1
DA:83,1
DA:84,1
DA:85,1
DA:86,1
DA:87,1
DA:88,1
DA:89,1
DA:90,1
DA:91,1
DA:92,1
DA:93,1
DA:98,4
DA:104,2
DA:105,2
DA:106,2
DA:107,2
DA:108,2
DA:112,0
DA:113,0
DA:114,0
DA:115,0
DA:116,0
DA:120,1
DA:121,1
DA:122,1
DA:123,1
DA:124,1
DA:129,3
DA:137,2
DA:138,2
DA:139,2
DA:140,2
DA:141,2
DA:142,2
DA:143,4
DA:147,0
DA:148,0
DA:149,0
DA:150,0
DA:151,0
DA:152,0
DA:153,0
DA:157,1
DA:158,1
DA:159,1
DA:160,1
DA:161,1
DA:162,1
DA:163,1
DA:168,2
DA:174,0
DA:175,0
DA:176,0
DA:177,0
DA:178,0
DA:182,0
DA:183,0
DA:184,0
DA:185,0
DA:186,0
DA:190,1
DA:191,1
DA:192,1
DA:193,1
DA:194,1
LF:119
LH:68
end_of_record
SF:lib\features\auth\data\repositories\auth_repository_impl.dart
DA:9,2
DA:14,2
DA:16,4
DA:18,2
DA:19,2
DA:20,1
DA:21,0
DA:22,1
DA:23,3
DA:24,0
DA:25,0
DA:26,0
DA:27,0
DA:28,0
DA:29,0
DA:30,0
DA:33,4
DA:37,2
DA:41,4
DA:42,4
DA:47,1
DA:49,2
DA:50,2
DA:57,0
DA:60,0
DA:61,0
DA:66,1
DA:69,2
DA:71,2
DA:76,1
DA:78,2
DA:79,2
DA:84,1
DA:93,2
DA:94,2
DA:99,0
DA:101,0
DA:102,0
DA:107,0
DA:110,0
DA:111,0
LF:41
LH:24
end_of_record
SF:lib\features\auth\domain\entities\user.dart
DA:20,7
DA:37,1
DA:38,1
DA:39,1
DA:40,1
DA:41,1
DA:42,1
DA:43,1
DA:44,1
DA:45,1
DA:46,1
DA:47,1
DA:48,1
DA:49,1
DA:50,1
DA:51,1
DA:52,1
DA:64,3
DA:72,0
DA:73,0
DA:74,0
DA:75,0
DA:76,0
DA:77,0
DA:78,0
DA:88,2
DA:94,0
DA:95,0
DA:96,0
DA:97,0
DA:98,0
DA:108,8
DA:114,1
DA:115,4
LF:34
LH:22
end_of_record
SF:lib\features\auth\domain\usecases\get_current_user.dart
DA:9,1
DA:11,1
DA:13,2
DA:14,1
DA:22,1
LF:5
LH:5
end_of_record
SF:lib\features\auth\domain\usecases\recover_password.dart
DA:9,1
DA:10,1
DA:12,2
DA:13,1
DA:21,1
LF:5
LH:5
end_of_record
SF:lib\features\auth\domain\usecases\sign_in_with_email_and_password.dart
DA:9,1
DA:12,1
DA:16,2
DA:17,2
DA:18,2
DA:19,0
DA:20,0
DA:21,0
DA:24,1
DA:25,1
DA:32,0
DA:34,0
DA:36,0
DA:41,0
DA:42,0
DA:47,0
DA:48,0
DA:59,1
LF:18
LH:8
end_of_record
SF:lib\features\auth\domain\usecases\sign_out.dart
DA:8,1
DA:10,1
DA:12,2
LF:3
LH:3
end_of_record
SF:lib\features\auth\domain\usecases\sign_up_with_data_user.dart
DA:10,1
DA:12,1
DA:14,2
DA:15,1
DA:16,2
DA:17,1
DA:18,1
DA:19,1
DA:20,1
DA:21,1
DA:22,1
DA:23,1
DA:26,0
DA:27,0
DA:44,1
LF:15
LH:13
end_of_record
SF:lib\features\auth\presentation\providers\auth_provider.dart
DA:10,0
DA:13,0
DA:14,0
DA:17,0
DA:19,0
DA:25,0
DA:26,0
DA:27,0
DA:32,0
DA:33,0
DA:34,0
DA:38,0
DA:39,0
DA:40,0
DA:44,0
DA:45,0
DA:47,0
DA:55,0
DA:58,0
DA:60,0
DA:64,0
DA:65,0
DA:66,0
DA:70,0
DA:71,0
DA:76,0
DA:82,0
DA:86,0
DA:98,0
DA:99,0
DA:101,0
DA:102,0
DA:103,0
DA:104,0
DA:105,0
DA:112,0
DA:114,0
DA:115,0
DA:120,0
DA:125,0
DA:126,0
DA:127,0
DA:129,0
DA:132,0
DA:133,0
DA:135,0
DA:139,0
DA:140,0
DA:154,0
DA:155,0
DA:156,0
DA:157,0
DA:158,0
LF:53
LH:0
end_of_record
SF:lib\features\auth\presentation\providers\use_cases\login_use_case_provider.dart
DA:5,0
DA:6,0
DA:7,0
LF:3
LH:0
end_of_record
SF:lib\features\auth\presentation\providers\state\auth_state.dart
DA:70,0
DA:87,0
DA:130,0
DA:131,0
DA:132,0
DA:133,0
DA:134,0
DA:135,0
DA:136,0
DA:137,0
DA:138,0
DA:139,0
DA:140,0
DA:141,0
DA:142,0
DA:143,0
DA:144,0
LF:17
LH:0
end_of_record
SF:lib\features\auth\presentation\providers\form\login_form_provider.dart
DA:7,0
DA:8,0
DA:10,0
DA:11,0
DA:19,0
DA:21,0
DA:23,0
DA:24,0
DA:25,0
DA:27,0
DA:31,0
DA:32,0
DA:33,0
DA:35,0
DA:39,0
DA:40,0
DA:41,0
DA:45,0
DA:46,0
DA:47,0
DA:48,0
DA:49,0
DA:50,0
DA:53,0
DA:54,0
DA:55,0
DA:56,0
DA:60,0
DA:84,0
DA:93,0
DA:101,0
DA:102,0
DA:103,0
DA:104,0
DA:105,0
DA:106,0
DA:107,0
DA:110,0
DA:114,0
DA:115,0
DA:116,0
DA:117,0
DA:118,0
DA:119,0
LF:44
LH:0
end_of_record
SF:lib\features\auth\presentation\providers\form\recover_form_provider.dart
DA:8,0
DA:9,0
DA:10,0
DA:11,0
DA:12,0
DA:19,0
DA:21,0
DA:23,0
DA:24,0
DA:25,0
DA:27,0
DA:32,0
DA:33,0
DA:34,0
DA:35,0
DA:41,0
DA:42,0
DA:44,0
DA:45,0
DA:46,0
DA:47,0
DA:48,0
DA:60,0
DA:61,0
DA:62,0
DA:66,0
DA:67,0
DA:72,0
DA:78,0
DA:82,0
DA:89,0
DA:90,0
DA:91,0
DA:94,0
DA:119,0
DA:128,0
DA:136,0
DA:137,0
DA:138,0
DA:139,0
DA:140,0
DA:141,0
DA:142,0
DA:145,0
DA:149,0
DA:150,0
DA:151,0
DA:152,0
DA:153,0
DA:154,0
DA:155,0
LF:51
LH:0
end_of_record
SF:lib\features\auth\presentation\providers\form\register_form_provider.dart
DA:8,0
DA:9,0
DA:10,0
DA:11,0
DA:12,0
DA:19,0
DA:21,0
DA:23,0
DA:24,0
DA:25,0
DA:27,0
DA:29,0
DA:30,0
DA:35,0
DA:36,0
DA:37,0
DA:39,0
DA:40,0
DA:46,0
DA:47,0
DA:48,0
DA:52,0
DA:53,0
DA:54,0
DA:56,0
DA:57,0
DA:58,0
DA:64,0
DA:65,0
DA:70,0
DA:71,0
DA:72,0
DA:74,0
DA:75,0
DA:76,0
DA:77,0
DA:83,0
DA:84,0
DA:85,0
DA:86,0
DA:92,0
DA:93,0
DA:94,0
DA:95,0
DA:96,0
DA:97,0
DA:98,0
DA:101,0
DA:102,0
DA:103,0
DA:107,0
DA:109,0
DA:115,0
DA:117,0
DA:121,0
DA:122,0
DA:125,0
DA:126,0
DA:127,0
DA:131,0
DA:132,0
DA:136,0
DA:137,0
DA:142,0
DA:148,0
DA:152,0
DA:157,0
DA:159,0
DA:160,0
DA:165,0
DA:166,0
DA:167,0
DA:168,0
DA:169,0
DA:170,0
DA:176,0
DA:194,0
DA:208,0
DA:221,0
DA:222,0
DA:223,0
DA:224,0
DA:225,0
DA:226,0
DA:227,0
DA:228,0
DA:229,0
DA:230,0
DA:231,0
DA:232,0
LF:90
LH:0
end_of_record
SF:lib\features\auth\presentation\providers\repository\auth_repository_provider.dart
DA:8,3
DA:9,0
DA:10,0
DA:15,0
DA:16,0
DA:19,3
DA:20,0
DA:23,4
DA:24,2
DA:25,2
DA:26,1
LF:11
LH:6
end_of_record
SF:lib\features\auth\presentation\providers\use_cases\recover_password_use_case_provider.dart
DA:5,0
DA:6,0
DA:7,0
LF:3
LH:0
end_of_record
SF:lib\features\auth\presentation\providers\use_cases\register_use_case_provider.dart
DA:6,0
DA:7,0
DA:8,0
LF:3
LH:0
end_of_record
SF:lib\features\auth\presentation\providers\utils\show_info_dialog.dart
DA:4,0
DA:5,0
DA:7,0
DA:8,0
DA:12,0
DA:13,0
DA:14,0
DA:15,0
LF:8
LH:0
end_of_record
SF:lib\features\auth\presentation\screens\confirm_register_email_screen.dart
DA:12,11
DA:14,0
DA:16,0
DA:17,0
DA:18,0
DA:19,0
DA:20,0
DA:21,0
DA:24,0
DA:28,0
DA:33,0
DA:34,0
DA:47,11
DA:51,0
DA:53,0
DA:55,0
DA:78,0
DA:79,0
DA:80,0
DA:83,0
LF:20
LH:2
end_of_record
SF:lib\features\auth\presentation\screens\login_screen.dart
DA:14,11
DA:16,0
DA:18,0
DA:19,0
DA:20,0
DA:21,0
DA:22,0
DA:23,0
DA:26,0
DA:30,0
DA:36,0
DA:37,0
DA:50,11
DA:52,0
DA:54,0
DA:55,0
DA:56,0
DA:57,0
DA:60,0
DA:62,0
DA:63,0
DA:66,0
DA:67,0
DA:70,0
DA:71,0
DA:72,0
DA:73,0
DA:82,0
DA:84,0
DA:86,0
DA:98,0
DA:100,0
DA:104,0
DA:105,0
DA:108,0
DA:109,0
DA:115,0
DA:117,0
DA:121,0
DA:122,0
DA:123,0
DA:124,0
DA:125,0
DA:127,0
DA:131,0
DA:133,0
DA:135,0
DA:136,0
DA:137,0
DA:138,0
DA:148,0
DA:149,0
DA:150,0
DA:151,0
DA:152,0
DA:153,0
DA:154,0
DA:155,0
DA:156,0
DA:157,0
DA:161,0
DA:166,0
DA:167,0
DA:168,0
LF:64
LH:2
end_of_record
SF:lib\features\auth\presentation\screens\recover_password_screen.dart
DA:11,11
DA:13,0
DA:15,0
DA:16,0
DA:17,0
DA:18,0
DA:19,0
DA:22,0
DA:26,0
DA:30,0
DA:31,0
DA:44,11
DA:46,0
DA:48,0
DA:49,0
DA:50,0
DA:54,0
DA:55,0
DA:56,0
DA:58,0
DA:59,0
DA:65,0
DA:66,0
DA:68,0
DA:80,0
DA:82,0
DA:85,0
DA:86,0
DA:90,0
DA:99,0
DA:100,0
DA:101,0
DA:103,0
DA:104,0
DA:106,0
LF:35
LH:2
end_of_record
SF:lib\features\auth\presentation\screens\register_screen.dart
DA:12,11
DA:14,0
DA:16,0
DA:17,0
DA:18,0
DA:19,0
DA:20,0
DA:25,0
DA:26,0
DA:27,0
DA:28,0
DA:30,0
DA:50,11
DA:52,0
DA:54,0
DA:55,0
DA:56,0
DA:60,0
DA:61,0
DA:62,0
DA:64,0
DA:65,0
DA:71,0
DA:72,0
DA:74,0
DA:85,0
DA:87,0
DA:90,0
DA:91,0
DA:93,0
DA:94,0
DA:100,0
DA:102,0
DA:105,0
DA:106,0
DA:107,0
DA:108,0
DA:109,0
DA:114,0
DA:116,0
DA:117,0
DA:118,0
DA:122,0
DA:124,0
DA:129,0
DA:130,0
DA:132,0
DA:133,0
DA:138,0
DA:140,0
DA:143,0
DA:144,0
DA:145,0
DA:149,0
DA:153,0
DA:158,0
DA:159,0
DA:161,0
DA:165,0
DA:167,0
DA:169,0
DA:170,0
DA:171,0
DA:172,0
DA:181,0
DA:182,0
DA:183,0
DA:185,0
DA:186,0
DA:188,0
DA:205,11
DA:207,0
DA:209,0
DA:212,0
DA:213,0
DA:214,0
DA:216,0
DA:222,0
DA:225,0
DA:226,0
LF:80
LH:3
end_of_record
SF:lib\features\auth\presentation\widgets\back_button_auth.dart
DA:5,33
DA:10,0
DA:12,0
DA:13,0
DA:14,0
DA:16,0
DA:18,0
LF:7
LH:1
end_of_record
SF:lib\features\auth\presentation\widgets\content_buttons_auth.dart
DA:4,0
DA:13,0
DA:15,0
DA:17,0
DA:19,0
DA:21,0
DA:25,0
DA:27,0
LF:8
LH:0
end_of_record
SF:lib\features\auth\presentation\widgets\custom_text_form_field.dart
DA:16,11
DA:31,0
DA:40,0
DA:43,0
DA:47,0
DA:48,0
DA:49,0
DA:50,0
DA:51,0
DA:53,0
DA:54,0
DA:55,0
DA:56,0
DA:59,0
DA:60,0
DA:62,0
DA:64,0
DA:65,0
DA:66,0
DA:67,0
DA:68,0
DA:69,0
DA:70,0
DA:71,0
DA:73,0
DA:75,0
DA:77,0
LF:27
LH:1
end_of_record
SF:lib\features\auth\presentation\widgets\description_text_auth.dart
DA:4,22
DA:24,0
DA:26,0
DA:27,0
DA:28,0
DA:30,0
DA:31,0
DA:32,0
DA:33,0
DA:35,0
DA:36,0
DA:38,0
LF:12
LH:1
end_of_record
SF:lib\features\auth\presentation\widgets\img_auth.dart
DA:5,33
DA:10,0
DA:12,0
DA:14,0
DA:15,0
LF:5
LH:1
end_of_record
SF:lib\features\config\data\models\user.module.dart
DA:4,0
DA:17,0
DA:18,0
DA:19,0
DA:20,0
DA:21,0
DA:22,0
DA:23,0
DA:24,0
DA:25,0
DA:26,0
DA:27,0
LF:12
LH:0
end_of_record
SF:lib\features\config\data\datasources\config_supabase_data_sources_impl.dart
DA:9,0
DA:12,0
DA:14,0
DA:15,0
DA:16,0
DA:17,0
DA:18,0
DA:19,0
DA:20,0
DA:23,0
DA:33,0
DA:34,0
DA:35,0
DA:44,0
DA:45,0
DA:46,0
DA:47,0
DA:48,0
LF:18
LH:0
end_of_record
SF:lib\features\config\data\repositories\config_repository_impl.dart
DA:9,0
DA:14,0
DA:16,0
DA:18,0
DA:19,0
DA:20,0
DA:21,0
DA:22,0
DA:23,0
DA:26,0
DA:27,0
DA:32,0
DA:34,0
DA:35,0
DA:36,0
DA:43,0
DA:54,0
DA:55,0
LF:18
LH:0
end_of_record
SF:lib\features\config\domain\entities\user.dart
DA:15,0
DA:28,0
DA:29,0
DA:30,0
DA:31,0
DA:32,0
DA:33,0
DA:34,0
DA:35,0
DA:36,0
DA:37,0
DA:38,0
DA:39,0
LF:13
LH:0
end_of_record
SF:lib\features\config\domain\usecases\get_user_by_id.dart
DA:9,0
DA:11,0
DA:13,0
DA:20,0
LF:4
LH:0
end_of_record
SF:lib\features\config\domain\usecases\update_data_user.dart
DA:9,0
DA:10,0
DA:12,0
DA:13,0
DA:14,0
DA:15,0
DA:16,0
DA:17,0
DA:18,0
DA:19,0
DA:20,0
DA:35,0
LF:12
LH:0
end_of_record
SF:lib\features\config\presentation\providers\form\config_profile_form_provider.dart
DA:8,0
DA:9,0
DA:10,0
DA:11,0
DA:19,0
DA:22,0
DA:23,0
DA:24,0
DA:25,0
DA:26,0
DA:27,0
DA:28,0
DA:29,0
DA:30,0
DA:31,0
DA:36,0
DA:37,0
DA:38,0
DA:43,0
DA:44,0
DA:45,0
DA:50,0
DA:51,0
DA:52,0
DA:57,0
DA:58,0
DA:63,0
DA:64,0
DA:65,0
DA:69,0
DA:70,0
DA:71,0
DA:76,0
DA:77,0
DA:78,0
DA:82,0
DA:83,0
DA:84,0
DA:89,0
DA:90,0
DA:91,0
DA:92,0
DA:93,0
DA:94,0
DA:95,0
DA:96,0
DA:97,0
DA:98,0
DA:99,0
DA:100,0
DA:101,0
DA:102,0
DA:105,0
DA:106,0
DA:107,0
DA:110,0
DA:111,0
DA:119,0
DA:120,0
DA:121,0
DA:126,0
DA:132,0
DA:136,0
DA:143,0
DA:144,0
DA:145,0
DA:146,0
DA:147,0
DA:148,0
DA:149,0
DA:156,0
DA:157,0
DA:185,0
DA:202,0
DA:218,0
DA:219,0
DA:220,0
DA:221,0
DA:222,0
DA:223,0
DA:224,0
DA:225,0
DA:226,0
DA:227,0
DA:228,0
DA:229,0
DA:230,0
DA:231,0
DA:232,0
LF:89
LH:0
end_of_record
SF:lib\features\config\presentation\providers\repository\config_repository_provider.dart
DA:9,0
DA:10,0
DA:12,0
DA:17,0
DA:18,0
DA:19,0
DA:23,0
DA:24,0
DA:25,0
DA:26,0
LF:10
LH:0
end_of_record
SF:lib\features\config\presentation\providers\state\config_state.dart
DA:11,0
DA:20,0
DA:28,0
DA:29,0
DA:30,0
DA:31,0
DA:32,0
DA:33,0
DA:34,0
LF:9
LH:0
end_of_record
SF:lib\features\config\presentation\providers\use_cases\get_user_by_id_use_case_provider.dart
DA:6,0
DA:7,0
DA:8,0
LF:3
LH:0
end_of_record
SF:lib\features\config\presentation\providers\use_cases\update_data_user.dart
DA:6,0
DA:7,0
DA:8,0
LF:3
LH:0
end_of_record
SF:lib\features\config\presentation\providers\user_provider.dart
DA:7,0
DA:8,0
DA:12,0
DA:13,0
DA:15,0
DA:23,0
DA:26,0
DA:29,0
DA:32,0
DA:33,0
DA:34,0
DA:35,0
DA:36,0
DA:39,0
DA:40,0
DA:41,0
DA:45,0
DA:46,0
DA:52,0
DA:53,0
DA:54,0
DA:59,0
DA:65,0
DA:69,0
LF:24
LH:0
end_of_record
SF:lib\features\config\presentation\screens\config_profile_screen.dart
DA:12,0
DA:18,0
DA:20,0
DA:21,0
DA:22,0
DA:23,0
DA:24,0
DA:25,0
DA:26,0
DA:31,0
DA:32,0
DA:33,0
DA:34,0
DA:35,0
DA:38,0
DA:40,0
DA:41,0
DA:42,0
DA:50,0
DA:55,0
DA:57,0
DA:58,0
DA:59,0
DA:60,0
DA:63,0
DA:67,0
DA:70,0
DA:72,0
DA:75,0
DA:77,0
DA:79,0
DA:82,0
DA:83,0
DA:88,0
DA:89,0
DA:93,0
DA:98,0
DA:99,0
DA:103,0
DA:107,0
DA:108,0
DA:109,0
DA:110,0
DA:113,0
DA:114,0
DA:117,0
DA:120,0
DA:122,0
DA:123,0
DA:124,0
DA:127,0
DA:128,0
DA:131,0
DA:134,0
DA:136,0
DA:137,0
DA:138,0
DA:141,0
DA:142,0
DA:145,0
DA:148,0
DA:151,0
DA:152,0
DA:155,0
DA:158,0
DA:160,0
DA:161,0
DA:162,0
DA:165,0
DA:166,0
DA:169,0
DA:172,0
DA:176,0
DA:177,0
DA:179,0
DA:180,0
DA:183,0
DA:185,0
DA:186,0
DA:187,0
DA:190,0
DA:191,0
DA:192,0
DA:193,0
DA:194,0
DA:196,0
DA:202,0
DA:209,0
DA:210,0
DA:211,0
DA:215,0
DA:218,0
DA:221,0
DA:222,0
DA:223,0
LF:95
LH:0
end_of_record
SF:lib\features\rrhh\data\models\type_user.module.dart
DA:4,0
DA:10,0
DA:11,0
DA:12,0
DA:13,0
DA:14,0
DA:18,0
DA:19,0
DA:20,0
DA:21,0
DA:22,0
LF:11
LH:0
end_of_record
SF:lib\features\rrhh\data\models\request_user.module.dart
DA:4,0
DA:11,0
DA:12,0
DA:13,0
DA:14,0
DA:15,0
DA:16,0
LF:7
LH:0
end_of_record
SF:lib\features\rrhh\data\models\user.module.dart
DA:5,0
DA:17,0
DA:18,0
DA:19,0
DA:20,0
DA:21,0
DA:22,0
DA:23,0
DA:24,0
DA:25,0
DA:26,0
DA:27,0
DA:28,0
DA:32,0
DA:33,0
DA:34,0
DA:35,0
DA:36,0
DA:37,0
DA:38,0
DA:39,0
DA:40,0
DA:41,0
DA:42,0
DA:43,0
DA:44,0
DA:45,0
DA:46,0
LF:28
LH:0
end_of_record
SF:lib\features\rrhh\data\datasources\rrhh_supabase_data_source_impl.dart
DA:10,0
DA:12,0
DA:17,0
DA:19,0
DA:22,0
DA:25,0
DA:26,0
DA:28,0
DA:29,0
DA:35,0
DA:39,0
DA:41,0
DA:42,0
DA:43,0
DA:44,0
DA:45,0
DA:46,0
DA:48,0
DA:49,0
DA:51,0
DA:54,0
DA:57,0
DA:58,0
DA:59,0
DA:60,0
DA:62,0
DA:63,0
DA:68,0
DA:72,0
DA:76,0
DA:77,0
DA:78,0
DA:79,0
DA:80,0
DA:81,0
DA:83,0
DA:84,0
DA:86,0
DA:89,0
DA:94,0
DA:95,0
DA:96,0
DA:97,0
DA:101,0
DA:102,0
DA:103,0
DA:104,0
DA:105,0
DA:106,0
DA:107,0
DA:110,0
DA:111,0
DA:112,0
DA:114,0
DA:116,0
DA:119,0
DA:120,0
DA:121,0
DA:122,0
DA:124,0
DA:125,0
DA:126,0
DA:127,0
DA:128,0
DA:130,0
DA:131,0
DA:133,0
DA:137,0
DA:138,0
DA:139,0
DA:142,0
DA:144,0
DA:146,0
DA:148,0
DA:149,0
DA:150,0
DA:155,0
DA:157,0
DA:160,0
DA:165,0
DA:166,0
DA:167,0
DA:170,0
DA:171,0
DA:172,0
DA:180,0
DA:183,0
DA:185,0
DA:191,0
DA:192,0
DA:193,0
DA:197,0
DA:199,0
DA:200,0
DA:201,0
DA:202,0
DA:203,0
DA:204,0
DA:206,0
LF:99
LH:0
end_of_record
SF:lib\features\rrhh\data\repositories\rrhh_repository_impl.dart
DA:9,0
DA:14,0
DA:18,0
DA:21,0
DA:24,0
DA:27,0
DA:29,0
DA:32,0
DA:34,0
DA:35,0
DA:38,0
DA:40,0
DA:43,0
DA:46,0
DA:47,0
DA:50,0
DA:52,0
DA:53,0
DA:57,0
DA:59,0
DA:60,0
DA:64,0
DA:66,0
DA:68,0
DA:69,0
DA:70,0
DA:71,0
DA:72,0
DA:73,0
DA:76,0
DA:80,0
DA:82,0
DA:84,0
DA:85,0
DA:86,0
DA:88,0
DA:89,0
DA:90,0
DA:91,0
DA:94,0
LF:40
LH:0
end_of_record
SF:lib\features\rrhh\domain\entities\request_user.dart
DA:9,0
DA:15,0
DA:16,0
DA:17,0
DA:18,0
DA:19,0
DA:20,0
LF:7
LH:0
end_of_record
SF:lib\features\rrhh\domain\entities\type_user.dart
DA:8,0
DA:13,0
DA:14,0
DA:15,0
DA:16,0
DA:17,0
LF:6
LH:0
end_of_record
SF:lib\features\rrhh\domain\entities\user.dart
DA:16,0
DA:29,0
DA:30,0
DA:31,0
DA:32,0
DA:33,0
DA:34,0
DA:35,0
DA:36,0
DA:37,0
DA:38,0
DA:39,0
DA:40,0
LF:13
LH:0
end_of_record
SF:lib\features\rrhh\domain\usecases\get_type_users.dart
DA:8,0
DA:9,0
DA:11,0
LF:3
LH:0
end_of_record
SF:lib\features\rrhh\domain\usecases\get_user_request.dart
DA:9,0
DA:10,0
DA:12,0
LF:3
LH:0
end_of_record
SF:lib\features\rrhh\domain\usecases\get_user_by_id.dart
DA:9,0
DA:13,0
DA:15,0
DA:22,0
LF:4
LH:0
end_of_record
SF:lib\features\rrhh\domain\usecases\assign_area_new_user.dart
DA:9,0
DA:10,0
DA:12,0
DA:13,0
DA:14,0
DA:23,0
LF:6
LH:0
end_of_record
SF:lib\features\rrhh\domain\usecases\get_accepted_requests.dart
DA:9,0
DA:11,0
DA:13,0
LF:3
LH:0
end_of_record
SF:lib\features\rrhh\domain\usecases\get_detail_user_with_typeuser.dart
DA:10,0
DA:12,0
DA:15,0
DA:22,0
LF:4
LH:0
end_of_record
SF:lib\features\rrhh\presentation\providers\data_user_provider.dart
DA:6,0
DA:7,0
DA:9,0
DA:10,0
DA:11,0
LF:5
LH:0
end_of_record
SF:lib\features\rrhh\presentation\providers\form\assign_area_form_provider.dart
DA:7,0
DA:8,0
DA:9,0
DA:10,0
DA:11,0
DA:20,0
DA:23,0
DA:25,0
DA:26,0
DA:27,0
DA:31,0
DA:32,0
DA:37,0
DA:43,0
DA:47,0
DA:54,0
DA:55,0
DA:56,0
DA:57,0
DA:58,0
DA:59,0
DA:60,0
DA:61,0
DA:64,0
DA:68,0
DA:69,0
DA:74,0
DA:75,0
DA:76,0
DA:77,0
DA:79,0
DA:81,0
DA:82,0
DA:83,0
DA:84,0
DA:86,0
DA:87,0
DA:88,0
DA:92,0
DA:93,0
DA:94,0
DA:97,0
DA:98,0
DA:100,0
DA:101,0
DA:118,0
DA:130,0
DA:141,0
DA:142,0
DA:143,0
DA:144,0
DA:145,0
DA:146,0
DA:147,0
DA:148,0
DA:149,0
DA:150,0
LF:57
LH:0
end_of_record
SF:lib\features\rrhh\presentation\providers\get_accepted_requests_provider.dart
DA:7,0
DA:8,0
DA:9,0
DA:10,0
DA:11,0
DA:12,0
DA:13,0
DA:15,0
LF:8
LH:0
end_of_record
SF:lib\features\rrhh\presentation\providers\get_request_user_provider.dart
DA:7,0
DA:8,0
DA:9,0
DA:10,0
DA:11,0
DA:12,0
DA:13,0
DA:15,0
DA:20,0
LF:9
LH:0
end_of_record
SF:lib\features\rrhh\presentation\providers\notification_local_provider.dart
DA:7,0
DA:9,0
DA:10,0
DA:23,0
DA:28,0
DA:31,0
DA:32,0
DA:33,0
DA:34,0
DA:35,0
DA:36,0
DA:37,0
DA:40,0
DA:41,0
DA:45,0
DA:46,0
DA:47,0
DA:49,0
LF:18
LH:0
end_of_record
SF:lib\features\rrhh\presentation\providers\repository\rrhh_repository_provider.dart
DA:9,0
DA:10,0
DA:11,0
DA:14,0
DA:15,0
DA:18,0
DA:19,0
DA:20,0
DA:21,0
LF:9
LH:0
end_of_record
SF:lib\features\rrhh\presentation\providers\use_cases\get_type_user_use_case_provider.dart
DA:5,0
DA:6,0
DA:7,0
LF:3
LH:0
end_of_record
SF:lib\features\rrhh\presentation\providers\use_cases\get_request_user_use_case_provider.dart
DA:6,0
DA:7,0
DA:8,0
LF:3
LH:0
end_of_record
SF:lib\features\rrhh\presentation\providers\use_cases\get_user_by_id_use_case_provider.dart
DA:6,0
DA:7,0
DA:8,0
LF:3
LH:0
end_of_record
SF:lib\features\rrhh\presentation\providers\use_cases\assign_area_new_user_use_case_provider.dart
DA:6,0
DA:7,0
DA:8,0
LF:3
LH:0
end_of_record
SF:lib\features\rrhh\presentation\providers\use_cases\get_accepted_requests_use_case_provider.dart
DA:6,0
DA:7,0
DA:8,0
LF:3
LH:0
end_of_record
SF:lib\features\rrhh\presentation\providers\type_user_stream_provider.dart
DA:8,0
DA:9,0
DA:10,0
DA:11,0
DA:12,0
DA:17,0
DA:18,0
DA:19,0
DA:20,0
DA:25,0
DA:27,0
DA:29,0
DA:30,0
DA:31,0
DA:35,0
DA:36,0
DA:41,0
DA:47,0
DA:51,0
DA:53,0
DA:58,0
DA:59,0
DA:60,0
DA:61,0
DA:62,0
DA:63,0
DA:64,0
DA:65,0
DA:66,0
DA:70,0
DA:71,0
DA:79,0
DA:82,0
DA:89,0
DA:95,0
DA:96,0
DA:97,0
DA:98,0
DA:99,0
LF:39
LH:0
end_of_record
SF:lib\features\rrhh\presentation\screens\orders_area\orders_all_areas_screen.dart
DA:9,11
DA:11,0
DA:12,0
DA:16,0
DA:18,0
DA:19,0
DA:20,0
DA:24,0
DA:26,0
DA:27,0
DA:28,0
DA:31,0
DA:39,0
DA:41,0
DA:42,0
DA:43,0
DA:44,0
DA:45,0
DA:46,0
DA:47,0
LF:20
LH:1
end_of_record
SF:lib\features\rrhh\presentation\screens\register_user\assing_area_screen.dart
DA:10,0
DA:16,0
DA:17,0
DA:21,0
DA:23,0
DA:24,0
DA:25,0
DA:26,0
DA:31,0
DA:33,0
DA:35,0
DA:36,0
DA:39,0
DA:40,0
DA:42,0
DA:43,0
DA:44,0
DA:49,0
DA:64,11
DA:66,0
DA:68,0
DA:69,0
DA:70,0
DA:71,0
DA:72,0
DA:73,0
DA:74,0
DA:75,0
DA:76,0
DA:77,0
DA:78,0
DA:80,0
DA:81,0
DA:82,0
DA:83,0
DA:85,0
DA:87,0
DA:88,0
DA:95,0
DA:97,0
DA:98,0
DA:100,0
DA:101,0
DA:104,0
DA:108,0
DA:109,0
DA:112,0
DA:113,0
DA:114,0
DA:115,0
DA:125,0
LF:51
LH:1
end_of_record
SF:lib\features\rrhh\presentation\screens\register_user\detail_user_screen.dart
DA:10,0
DA:15,0
DA:17,0
DA:18,0
DA:19,0
DA:22,0
DA:24,0
DA:25,0
DA:26,0
DA:27,0
DA:28,0
DA:29,0
DA:30,0
DA:31,0
DA:32,0
DA:33,0
DA:34,0
DA:37,0
DA:38,0
DA:39,0
DA:42,0
LF:21
LH:0
end_of_record
SF:lib\features\rrhh\presentation\screens\register_user\historial_notifications_screen.dart
DA:11,11
DA:13,0
DA:15,0
DA:16,0
DA:17,0
DA:20,0
DA:21,0
DA:22,0
DA:25,0
DA:26,0
DA:27,0
DA:28,0
DA:29,0
DA:30,0
DA:31,0
DA:34,0
DA:35,0
DA:37,0
DA:39,0
DA:40,0
DA:50,0
DA:51,0
LF:22
LH:1
end_of_record
SF:lib\features\rrhh\presentation\screens\register_user\notifications_screen.dart
DA:11,11
DA:13,0
DA:15,0
DA:20,0
DA:22,0
DA:23,0
DA:26,0
DA:28,0
DA:29,0
DA:30,0
DA:33,0
DA:34,0
DA:35,0
DA:36,0
DA:39,0
DA:40,0
DA:41,0
DA:42,0
DA:43,0
DA:44,0
DA:45,0
DA:48,0
DA:49,0
DA:51,0
DA:53,0
DA:54,0
DA:64,0
DA:65,0
LF:28
LH:1
end_of_record
SF:lib\features\rrhh\presentation\screens\register_user\request_new_user.dart
DA:9,0
DA:14,0
DA:16,0
DA:19,0
DA:20,0
DA:23,0
DA:25,0
DA:26,0
DA:27,0
DA:28,0
DA:29,0
DA:30,0
DA:31,0
DA:32,0
DA:33,0
DA:34,0
DA:37,0
DA:38,0
DA:39,0
DA:42,0
LF:20
LH:0
end_of_record
SF:lib\features\rrhh\presentation\views\home_view_rrhh.dart
DA:10,11
DA:12,0
DA:14,0
DA:15,0
DA:34,0
DA:37,0
DA:38,0
DA:43,0
DA:50,0
DA:53,0
DA:54,0
DA:59,0
DA:67,0
DA:70,0
DA:71,0
DA:76,0
DA:78,0
DA:79,0
DA:82,0
DA:83,0
DA:84,0
DA:95,0
DA:98,0
DA:99,0
DA:104,0
DA:106,0
DA:107,0
DA:110,0
LF:28
LH:1
end_of_record
SF:lib\features\rrhh\presentation\widgets\card_area_work.dart
DA:4,0
DA:17,0
DA:19,0
DA:21,0
DA:26,0
DA:27,0
DA:28,0
DA:29,0
DA:32,0
DA:34,0
DA:35,0
DA:36,0
DA:38,0
DA:40,0
DA:41,0
DA:42,0
DA:47,0
DA:49,0
DA:50,0
DA:51,0
DA:53,0
DA:55,0
DA:56,0
DA:58,0
LF:24
LH:0
end_of_record
SF:lib\features\rrhh\presentation\widgets\data_user.dart
DA:8,0
DA:27,0
DA:29,0
DA:32,0
DA:34,0
DA:37,0
DA:39,0
DA:40,0
DA:42,0
DA:43,0
DA:44,0
DA:51,0
DA:52,0
DA:56,0
DA:60,0
DA:62,0
DA:66,0
DA:68,0
DA:72,0
DA:74,0
DA:78,0
DA:80,0
DA:84,0
DA:86,0
DA:90,0
DA:92,0
DA:93,0
DA:95,0
DA:96,0
DA:100,0
DA:103,0
DA:105,0
DA:106,0
DA:107,0
DA:108,0
DA:110,0
DA:111,0
DA:115,0
DA:116,0
DA:117,0
DA:120,0
DA:121,0
DA:122,0
DA:123,0
DA:125,0
DA:126,0
DA:128,0
LF:47
LH:0
end_of_record
